<?xml version="1.0" encoding="UTF-8"?>
<!-- Generated by org.testng.reporters.JUnitXMLReporter -->
<testsuite hostname="LAPTOP-Anushra" ignored="0" name="tasks_auto" tests="1" failures="1" timestamp="2022-06-19T20:44:17 IST" time="56.29" errors="0">
  <testcase name="abc" time="55.937" classname="testCases.MakeMyTrip">
    <failure type="java.lang.AssertionError" message="expected [true] but found [false]">
      <![CDATA[java.lang.AssertionError: expected [true] but found [false]
at testCases.MakeMyTrip.abc(MakeMyTrip.java:60)
at java.util.ArrayList.forEach(ArrayList.java:1257)
... Removed 33 stack frames]]>
    </failure>
  </testcase> <!-- abc -->
</testsuite> <!-- tasks_auto -->
